0 info it worked if it ends with ok
1 verbose cli [ '/usr/local/bin/node',
1 verbose cli   '/usr/local/bin/npm',
1 verbose cli   'run',
1 verbose cli   'build-css' ]
2 info using npm@5.6.0
3 info using node@v8.9.4
4 verbose config Skipping project config: /opt/web-core/.npmrc. (matches userconfig)
5 verbose run-script [ 'prebuild-css', 'build-css', 'postbuild-css' ]
6 info lifecycle web-core@0.1.0~prebuild-css: web-core@0.1.0
7 info lifecycle web-core@0.1.0~build-css: web-core@0.1.0
8 verbose lifecycle web-core@0.1.0~build-css: unsafe-perm in lifecycle true
9 verbose lifecycle web-core@0.1.0~build-css: PATH: /usr/local/lib/node_modules/npm/node_modules/npm-lifecycle/node-gyp-bin:/opt/web-core/node_modules/.bin:/usr/local/lib/node_modules/npm/node_modules/npm-lifecycle/node-gyp-bin:/opt/web-core/node_modules/.bin:/usr/local/lib/node_modules/npm/node_modules/npm-lifecycle/node-gyp-bin:/opt/web-core/node_modules/.bin:/usr/local/sbin:/usr/local/bin:/usr/sbin:/usr/bin:/sbin:/bin
10 verbose lifecycle web-core@0.1.0~build-css: CWD: /opt/web-core
11 silly lifecycle web-core@0.1.0~build-css: Args: [ '-c', 'node-sass-chokidar src/ -o src/' ]
12 silly lifecycle web-core@0.1.0~build-css: Returned: code: 1  signal: null
13 info lifecycle web-core@0.1.0~build-css: Failed to exec build-css script
14 verbose stack Error: web-core@0.1.0 build-css: `node-sass-chokidar src/ -o src/`
14 verbose stack Exit status 1
14 verbose stack     at EventEmitter.<anonymous> (/usr/local/lib/node_modules/npm/node_modules/npm-lifecycle/index.js:285:16)
14 verbose stack     at emitTwo (events.js:126:13)
14 verbose stack     at EventEmitter.emit (events.js:214:7)
14 verbose stack     at ChildProcess.<anonymous> (/usr/local/lib/node_modules/npm/node_modules/npm-lifecycle/lib/spawn.js:55:14)
14 verbose stack     at emitTwo (events.js:126:13)
14 verbose stack     at ChildProcess.emit (events.js:214:7)
14 verbose stack     at maybeClose (internal/child_process.js:925:16)
14 verbose stack     at Process.ChildProcess._handle.onexit (internal/child_process.js:209:5)
15 verbose pkgid web-core@0.1.0
16 verbose cwd /opt/web-core
17 verbose Linux 4.9.75-linuxkit-aufs
18 verbose argv "/usr/local/bin/node" "/usr/local/bin/npm" "run" "build-css"
19 verbose node v8.9.4
20 verbose npm  v5.6.0
21 error code ELIFECYCLE
22 error errno 1
23 error web-core@0.1.0 build-css: `node-sass-chokidar src/ -o src/`
23 error Exit status 1
24 error Failed at the web-core@0.1.0 build-css script.
24 error This is probably not a problem with npm. There is likely additional logging output above.
25 verbose exit [ 1, true ]
